<?xml version="1.0" encoding="UTF-8"?>
<testng-results ignored="0" total="2" passed="2" failed="0" skipped="0">
  <reporter-output>
  </reporter-output>
  <suite started-at="2022-02-13T18:29:21Z" name="Default suite" finished-at="2022-02-13T18:29:29Z" duration-ms="7702">
    <groups>
    </groups>
    <test started-at="2022-02-13T18:29:21Z" name="Default test" finished-at="2022-02-13T18:29:29Z" duration-ms="7702">
      <class name="DemoJenkin.DemoJenkins1">
        <test-method is-config="true" signature="beforeTest()[pri:0, instance:DemoJenkin.DemoJenkins1@409c54f]" started-at="2022-02-13T18:29:21Z" name="beforeTest" finished-at="2022-02-13T18:29:24Z" duration-ms="2970" status="PASS">
          <reporter-output>
          </reporter-output>
        </test-method> <!-- beforeTest -->
        <test-method signature="testCase1()[pri:0, instance:DemoJenkin.DemoJenkins1@409c54f]" started-at="2022-02-13T18:29:24Z" name="testCase1" finished-at="2022-02-13T18:29:24Z" duration-ms="4" status="PASS">
          <reporter-output>
          </reporter-output>
        </test-method> <!-- testCase1 -->
        <test-method signature="testCase2()[pri:0, instance:DemoJenkin.DemoJenkins1@409c54f]" started-at="2022-02-13T18:29:24Z" name="testCase2" finished-at="2022-02-13T18:29:24Z" duration-ms="1" status="PASS">
          <reporter-output>
          </reporter-output>
        </test-method> <!-- testCase2 -->
        <test-method is-config="true" signature="afterTest()[pri:0, instance:DemoJenkin.DemoJenkins1@409c54f]" started-at="2022-02-13T18:29:24Z" name="afterTest" finished-at="2022-02-13T18:29:29Z" duration-ms="4705" status="PASS">
          <reporter-output>
          </reporter-output>
        </test-method> <!-- afterTest -->
      </class> <!-- DemoJenkin.DemoJenkins1 -->
    </test> <!-- Default test -->
  </suite> <!-- Default suite -->
</testng-results>
